<?xml version="1.0" encoding="UTF-8"?>
<testsuite xmlns:xsi="http://www.w3.org/2001/XMLSchema-instance" xsi:noNamespaceSchemaLocation="https://maven.apache.org/surefire/maven-surefire-plugin/xsd/surefire-test-report-3.0.xsd" version="3.0" name="org.example.AppTest" time="0.072" tests="1" errors="0" skipped="0" failures="0">
  <properties>
    <property name="java.specification.version" value="21"/>
    <property name="sun.cpu.isalist" value="amd64"/>
    <property name="sun.jnu.encoding" value="Cp1251"/>
    <property name="java.class.path" value="B:\ideaProject\s\target\test-classes;B:\ideaProject\s\target\classes;C:\Users\haras\.m2\repository\javax\annotation\javax.annotation-api\1.3.1\javax.annotation-api-1.3.1.jar;C:\Users\haras\.m2\repository\junit\junit\4.11\junit-4.11.jar;C:\Users\haras\.m2\repository\org\hamcrest\hamcrest-core\1.3\hamcrest-core-1.3.jar;C:\Users\haras\.m2\repository\com\google\guava\guava\31.0.1-jre\guava-31.0.1-jre.jar;C:\Users\haras\.m2\repository\com\google\guava\failureaccess\1.0.1\failureaccess-1.0.1.jar;C:\Users\haras\.m2\repository\com\google\guava\listenablefuture\9999.0-empty-to-avoid-conflict-with-guava\listenablefuture-9999.0-empty-to-avoid-conflict-with-guava.jar;C:\Users\haras\.m2\repository\com\google\code\findbugs\jsr305\3.0.2\jsr305-3.0.2.jar;C:\Users\haras\.m2\repository\org\checkerframework\checker-qual\3.12.0\checker-qual-3.12.0.jar;C:\Users\haras\.m2\repository\com\google\j2objc\j2objc-annotations\1.3\j2objc-annotations-1.3.jar;C:\Users\haras\.m2\repository\com\google\code\gson\gson\2.10.1\gson-2.10.1.jar;C:\Users\haras\.m2\repository\com\fasterxml\jackson\core\jackson-databind\2.13.0\jackson-databind-2.13.0.jar;C:\Users\haras\.m2\repository\com\fasterxml\jackson\core\jackson-annotations\2.13.0\jackson-annotations-2.13.0.jar;C:\Users\haras\.m2\repository\com\fasterxml\jackson\core\jackson-core\2.13.0\jackson-core-2.13.0.jar;C:\Users\haras\.m2\repository\javax\xml\bind\jaxb-api\2.3.1\jaxb-api-2.3.1.jar;C:\Users\haras\.m2\repository\javax\activation\javax.activation-api\1.2.0\javax.activation-api-1.2.0.jar;C:\Users\haras\.m2\repository\org\bouncycastle\bcprov-jdk15on\1.70\bcprov-jdk15on-1.70.jar;C:\Users\haras\.m2\repository\org\iq80\leveldb\leveldb\0.12\leveldb-0.12.jar;C:\Users\haras\.m2\repository\org\iq80\leveldb\leveldb-api\0.12\leveldb-api-0.12.jar;C:\Users\haras\.m2\repository\javax\mail\mail\1.4\mail-1.4.jar;C:\Users\haras\.m2\repository\javax\activation\activation\1.1\activation-1.1.jar;C:\Users\haras\.m2\repository\io\grpc\grpc-netty-shaded\1.24.0\grpc-netty-shaded-1.24.0.jar;C:\Users\haras\.m2\repository\io\grpc\grpc-core\1.24.0\grpc-core-1.24.0.jar;C:\Users\haras\.m2\repository\com\google\android\annotations\4.1.1.4\annotations-4.1.1.4.jar;C:\Users\haras\.m2\repository\io\perfmark\perfmark-api\0.17.0\perfmark-api-0.17.0.jar;C:\Users\haras\.m2\repository\io\opencensus\opencensus-api\0.21.0\opencensus-api-0.21.0.jar;C:\Users\haras\.m2\repository\io\opencensus\opencensus-contrib-grpc-metrics\0.21.0\opencensus-contrib-grpc-metrics-0.21.0.jar;C:\Users\haras\.m2\repository\io\grpc\grpc-protobuf\1.24.0\grpc-protobuf-1.24.0.jar;C:\Users\haras\.m2\repository\io\grpc\grpc-api\1.24.0\grpc-api-1.24.0.jar;C:\Users\haras\.m2\repository\io\grpc\grpc-context\1.24.0\grpc-context-1.24.0.jar;C:\Users\haras\.m2\repository\com\google\errorprone\error_prone_annotations\2.3.2\error_prone_annotations-2.3.2.jar;C:\Users\haras\.m2\repository\org\codehaus\mojo\animal-sniffer-annotations\1.17\animal-sniffer-annotations-1.17.jar;C:\Users\haras\.m2\repository\com\google\protobuf\protobuf-java\3.9.0\protobuf-java-3.9.0.jar;C:\Users\haras\.m2\repository\com\google\api\grpc\proto-google-common-protos\1.12.0\proto-google-common-protos-1.12.0.jar;C:\Users\haras\.m2\repository\io\grpc\grpc-protobuf-lite\1.24.0\grpc-protobuf-lite-1.24.0.jar;C:\Users\haras\.m2\repository\io\grpc\grpc-stub\1.24.0\grpc-stub-1.24.0.jar;C:\Users\haras\.m2\repository\org\postgresql\postgresql\42.3.0\postgresql-42.3.0.jar;C:\Users\haras\.m2\repository\net\sf\extjwnl\extjwnl\1.9.4\extjwnl-1.9.4.jar;C:\Users\haras\.m2\repository\com\googlecode\concurrentlinkedhashmap\concurrentlinkedhashmap-lru\1.3.2\concurrentlinkedhashmap-lru-1.3.2.jar;C:\Users\haras\.m2\repository\net\sf\extjwnl\extjwnl-data-wn31\1.2\extjwnl-data-wn31-1.2.jar;C:\Users\haras\.m2\repository\org\slf4j\slf4j-api\1.7.32\slf4j-api-1.7.32.jar;C:\Users\haras\.m2\repository\org\slf4j\slf4j-simple\1.7.32\slf4j-simple-1.7.32.jar;C:\Users\haras\.m2\repository\org\xerial\sqlite-jdbc\3.36.0.1\sqlite-jdbc-3.36.0.1.jar;"/>
    <property name="java.vm.vendor" value="Oracle Corporation"/>
    <property name="sun.arch.data.model" value="64"/>
    <property name="user.variant" value=""/>
    <property name="java.vendor.url" value="https://java.oracle.com/"/>
    <property name="user.timezone" value="Europe/Minsk"/>
    <property name="os.name" value="Windows 10"/>
    <property name="java.vm.specification.version" value="21"/>
    <property name="sun.java.launcher" value="SUN_STANDARD"/>
    <property name="user.country" value="RU"/>
    <property name="sun.boot.library.path" value="C:\Users\haras\.jdks\openjdk-21.0.2\bin"/>
    <property name="sun.java.command" value="C:\Users\haras\AppData\Local\Temp\surefire9455887869154252124\surefirebooter-20240216231448866_3.jar C:\Users\haras\AppData\Local\Temp\surefire9455887869154252124 2024-02-16T23-14-48_607-jvmRun1 surefire-20240216231448866_1tmp surefire_0-20240216231448866_2tmp"/>
    <property name="jdk.debug" value="release"/>
    <property name="surefire.test.class.path" value="B:\ideaProject\s\target\test-classes;B:\ideaProject\s\target\classes;C:\Users\haras\.m2\repository\javax\annotation\javax.annotation-api\1.3.1\javax.annotation-api-1.3.1.jar;C:\Users\haras\.m2\repository\junit\junit\4.11\junit-4.11.jar;C:\Users\haras\.m2\repository\org\hamcrest\hamcrest-core\1.3\hamcrest-core-1.3.jar;C:\Users\haras\.m2\repository\com\google\guava\guava\31.0.1-jre\guava-31.0.1-jre.jar;C:\Users\haras\.m2\repository\com\google\guava\failureaccess\1.0.1\failureaccess-1.0.1.jar;C:\Users\haras\.m2\repository\com\google\guava\listenablefuture\9999.0-empty-to-avoid-conflict-with-guava\listenablefuture-9999.0-empty-to-avoid-conflict-with-guava.jar;C:\Users\haras\.m2\repository\com\google\code\findbugs\jsr305\3.0.2\jsr305-3.0.2.jar;C:\Users\haras\.m2\repository\org\checkerframework\checker-qual\3.12.0\checker-qual-3.12.0.jar;C:\Users\haras\.m2\repository\com\google\j2objc\j2objc-annotations\1.3\j2objc-annotations-1.3.jar;C:\Users\haras\.m2\repository\com\google\code\gson\gson\2.10.1\gson-2.10.1.jar;C:\Users\haras\.m2\repository\com\fasterxml\jackson\core\jackson-databind\2.13.0\jackson-databind-2.13.0.jar;C:\Users\haras\.m2\repository\com\fasterxml\jackson\core\jackson-annotations\2.13.0\jackson-annotations-2.13.0.jar;C:\Users\haras\.m2\repository\com\fasterxml\jackson\core\jackson-core\2.13.0\jackson-core-2.13.0.jar;C:\Users\haras\.m2\repository\javax\xml\bind\jaxb-api\2.3.1\jaxb-api-2.3.1.jar;C:\Users\haras\.m2\repository\javax\activation\javax.activation-api\1.2.0\javax.activation-api-1.2.0.jar;C:\Users\haras\.m2\repository\org\bouncycastle\bcprov-jdk15on\1.70\bcprov-jdk15on-1.70.jar;C:\Users\haras\.m2\repository\org\iq80\leveldb\leveldb\0.12\leveldb-0.12.jar;C:\Users\haras\.m2\repository\org\iq80\leveldb\leveldb-api\0.12\leveldb-api-0.12.jar;C:\Users\haras\.m2\repository\javax\mail\mail\1.4\mail-1.4.jar;C:\Users\haras\.m2\repository\javax\activation\activation\1.1\activation-1.1.jar;C:\Users\haras\.m2\repository\io\grpc\grpc-netty-shaded\1.24.0\grpc-netty-shaded-1.24.0.jar;C:\Users\haras\.m2\repository\io\grpc\grpc-core\1.24.0\grpc-core-1.24.0.jar;C:\Users\haras\.m2\repository\com\google\android\annotations\4.1.1.4\annotations-4.1.1.4.jar;C:\Users\haras\.m2\repository\io\perfmark\perfmark-api\0.17.0\perfmark-api-0.17.0.jar;C:\Users\haras\.m2\repository\io\opencensus\opencensus-api\0.21.0\opencensus-api-0.21.0.jar;C:\Users\haras\.m2\repository\io\opencensus\opencensus-contrib-grpc-metrics\0.21.0\opencensus-contrib-grpc-metrics-0.21.0.jar;C:\Users\haras\.m2\repository\io\grpc\grpc-protobuf\1.24.0\grpc-protobuf-1.24.0.jar;C:\Users\haras\.m2\repository\io\grpc\grpc-api\1.24.0\grpc-api-1.24.0.jar;C:\Users\haras\.m2\repository\io\grpc\grpc-context\1.24.0\grpc-context-1.24.0.jar;C:\Users\haras\.m2\repository\com\google\errorprone\error_prone_annotations\2.3.2\error_prone_annotations-2.3.2.jar;C:\Users\haras\.m2\repository\org\codehaus\mojo\animal-sniffer-annotations\1.17\animal-sniffer-annotations-1.17.jar;C:\Users\haras\.m2\repository\com\google\protobuf\protobuf-java\3.9.0\protobuf-java-3.9.0.jar;C:\Users\haras\.m2\repository\com\google\api\grpc\proto-google-common-protos\1.12.0\proto-google-common-protos-1.12.0.jar;C:\Users\haras\.m2\repository\io\grpc\grpc-protobuf-lite\1.24.0\grpc-protobuf-lite-1.24.0.jar;C:\Users\haras\.m2\repository\io\grpc\grpc-stub\1.24.0\grpc-stub-1.24.0.jar;C:\Users\haras\.m2\repository\org\postgresql\postgresql\42.3.0\postgresql-42.3.0.jar;C:\Users\haras\.m2\repository\net\sf\extjwnl\extjwnl\1.9.4\extjwnl-1.9.4.jar;C:\Users\haras\.m2\repository\com\googlecode\concurrentlinkedhashmap\concurrentlinkedhashmap-lru\1.3.2\concurrentlinkedhashmap-lru-1.3.2.jar;C:\Users\haras\.m2\repository\net\sf\extjwnl\extjwnl-data-wn31\1.2\extjwnl-data-wn31-1.2.jar;C:\Users\haras\.m2\repository\org\slf4j\slf4j-api\1.7.32\slf4j-api-1.7.32.jar;C:\Users\haras\.m2\repository\org\slf4j\slf4j-simple\1.7.32\slf4j-simple-1.7.32.jar;C:\Users\haras\.m2\repository\org\xerial\sqlite-jdbc\3.36.0.1\sqlite-jdbc-3.36.0.1.jar;"/>
    <property name="sun.cpu.endian" value="little"/>
    <property name="user.home" value="C:\Users\haras"/>
    <property name="user.language" value="ru"/>
    <property name="java.specification.vendor" value="Oracle Corporation"/>
    <property name="java.version.date" value="2024-01-16"/>
    <property name="java.home" value="C:\Users\haras\.jdks\openjdk-21.0.2"/>
    <property name="file.separator" value="\"/>
    <property name="basedir" value="B:\ideaProject\s"/>
    <property name="java.vm.compressedOopsMode" value="32-bit"/>
    <property name="line.separator" value="&#10;"/>
    <property name="java.vm.specification.vendor" value="Oracle Corporation"/>
    <property name="java.specification.name" value="Java Platform API Specification"/>
    <property name="surefire.real.class.path" value="C:\Users\haras\AppData\Local\Temp\surefire9455887869154252124\surefirebooter-20240216231448866_3.jar"/>
    <property name="user.script" value=""/>
    <property name="sun.management.compiler" value="HotSpot 64-Bit Tiered Compilers"/>
    <property name="java.runtime.version" value="21.0.2+13-58"/>
    <property name="user.name" value="haras"/>
    <property name="stdout.encoding" value="Cp1251"/>
    <property name="path.separator" value=";"/>
    <property name="os.version" value="10.0"/>
    <property name="java.runtime.name" value="OpenJDK Runtime Environment"/>
    <property name="file.encoding" value="UTF-8"/>
    <property name="java.vm.name" value="OpenJDK 64-Bit Server VM"/>
    <property name="localRepository" value="C:\Users\haras\.m2\repository"/>
    <property name="java.vendor.url.bug" value="https://bugreport.java.com/bugreport/"/>
    <property name="java.io.tmpdir" value="C:\Users\haras\AppData\Local\Temp\"/>
    <property name="idea.version" value="2023.3.2"/>
    <property name="java.version" value="21.0.2"/>
    <property name="user.dir" value="B:\ideaProject\s"/>
    <property name="os.arch" value="amd64"/>
    <property name="java.vm.specification.name" value="Java Virtual Machine Specification"/>
    <property name="sun.os.patch.level" value=""/>
    <property name="native.encoding" value="Cp1251"/>
    <property name="java.library.path" value="C:\Users\haras\.jdks\openjdk-21.0.2\bin;C:\Windows\Sun\Java\bin;C:\Windows\system32;C:\Windows;C:\Windows\system32;C:\Windows;C:\Windows\System32\Wbem;C:\Windows\System32\WindowsPowerShell\v1.0\;C:\Windows\System32\OpenSSH\;B:\Git\cmd;C:\Users\haras\AppData\Local\Microsoft\WindowsApps;;B:\IntelliJ IDEA 2023.3.2\bin;;."/>
    <property name="java.vm.info" value="mixed mode, sharing"/>
    <property name="stderr.encoding" value="Cp1251"/>
    <property name="java.vendor" value="Oracle Corporation"/>
    <property name="java.vm.version" value="21.0.2+13-58"/>
    <property name="sun.io.unicode.encoding" value="UnicodeLittle"/>
    <property name="java.class.version" value="65.0"/>
  </properties>
  <testcase name="testApp" classname="org.example.AppTest" time="0.005"/>
</testsuite>